root - INFO - csv file found
root - WARNING - file not found, traning all model
root - INFO - preprocessing done
root - INFO - word count extracted
root - INFO - preprocessing done
root - INFO - word count extracted
root - INFO - cap word count extracted
root - INFO - preprocessing done
root - INFO - word count extracted
root - INFO - preprocessing done
root - INFO - word count extracted
root - INFO - cap word count extracted
root - INFO - preprocessing done
root - INFO - word count extracted
root - INFO - preprocessing done
root - INFO - word count extracted
root - INFO - cap word count extracted
root - INFO - preprocessing done
root - INFO - word count extracted
root - INFO - preprocessing done
root - INFO - word count extracted
root - INFO - cap word count extracted
root - INFO - preprocessing done
root - INFO - word count extracted
root - INFO - preprocessing done
root - INFO - word count extracted
root - INFO - cap word count extracted
root - INFO - preprocessing done
root - INFO - word count extracted
root - INFO - preprocessing done
root - INFO - word count extracted
root - INFO - cap word count extracted
root - INFO - preprocessing done
root - INFO - word count extracted
root - INFO - preprocessing done
root - INFO - word count extracted
root - INFO - cap word count extracted
root - INFO - preprocessing done
root - INFO - word count extracted
root - INFO - preprocessing done
root - INFO - word count extracted
root - INFO - cap word count extracted
root - INFO - preprocessing done
root - INFO - word count extracted
root - INFO - preprocessing done
root - INFO - word count extracted
root - INFO - cap word count extracted
root - INFO - preprocessing done
root - INFO - word count extracted
root - INFO - preprocessing done
root - INFO - word count extracted
root - INFO - cap word count extracted
root - INFO - preprocessing done
root - INFO - word count extracted
root - INFO - preprocessing done
root - INFO - word count extracted
root - INFO - cap word count extracted
root - INFO - preprocessing done
root - INFO - word count extracted
root - INFO - preprocessing done
root - INFO - word count extracted
root - INFO - cap word count extracted
root - INFO - preprocessing done
root - INFO - word count extracted
root - INFO - preprocessing done
root - INFO - word count extracted
root - INFO - cap word count extracted
root - INFO - preprocessing done
root - INFO - word count extracted
root - INFO - preprocessing done
root - INFO - word count extracted
root - INFO - cap word count extracted
root - INFO - preprocessing done
root - INFO - word count extracted
root - INFO - preprocessing done
root - INFO - word count extracted
root - INFO - cap word count extracted
root - INFO - preprocessing done
root - INFO - word count extracted
root - INFO - preprocessing done
root - INFO - word count extracted
root - INFO - cap word count extracted
root - INFO - preprocessing done
root - INFO - word count extracted
root - INFO - preprocessing done
root - INFO - word count extracted
root - INFO - cap word count extracted
root - INFO - preprocessing done
root - INFO - word count extracted
root - INFO - preprocessing done
root - INFO - word count extracted
root - INFO - cap word count extracted
root - INFO - preprocessing done
root - INFO - word count extracted
root - INFO - preprocessing done
root - INFO - word count extracted
root - INFO - cap word count extracted
root - INFO - preprocessing done
root - INFO - word count extracted
root - INFO - preprocessing done
root - INFO - word count extracted
root - INFO - cap word count extracted
root - INFO - preprocessing done
root - INFO - word count extracted
root - INFO - preprocessing done
root - INFO - word count extracted
root - INFO - cap word count extracted
root - INFO - preprocessing done
root - INFO - word count extracted
root - INFO - preprocessing done
root - INFO - word count extracted
root - INFO - cap word count extracted
root - INFO - preprocessing done
root - INFO - word count extracted
root - INFO - preprocessing done
root - INFO - word count extracted
root - INFO - cap word count extracted
root - INFO - preprocessing done
root - INFO - word count extracted
root - INFO - preprocessing done
root - INFO - word count extracted
root - INFO - cap word count extracted
root - INFO - preprocessing done
root - INFO - word count extracted
root - INFO - preprocessing done
root - INFO - word count extracted
root - INFO - cap word count extracted
root - INFO - preprocessing done
root - INFO - word count extracted
root - INFO - preprocessing done
root - INFO - word count extracted
root - INFO - cap word count extracted
root - INFO - preprocessing done
root - INFO - word count extracted
root - INFO - preprocessing done
root - INFO - word count extracted
root - INFO - cap word count extracted
root - INFO - preprocessing done
root - INFO - word count extracted
root - INFO - preprocessing done
root - INFO - word count extracted
root - INFO - cap word count extracted
